<?xml version="1.0" encoding="UTF-8"?>
<!-- Generated by org.testng.reporters.JUnitXMLReporter -->
<testsuite ignored="0" hostname="yash" failures="0" tests="4" name="EmployeeListTest" time="13.276" errors="0" timestamp="2024-03-05T16:56:53 IST">
  <testcase classname="com.OrangeHRMApplicationTestCases.OrangeHRMApplication_EmployeeListTest" name="Validting_LoginTest" time="2.577"/>
  <testcase classname="com.OrangeHRMApplicationTestCases.OrangeHRMApplication_EmployeeListTest" name="Validating_PimTest" time="0.197"/>
  <testcase classname="com.OrangeHRMApplicationTestCases.OrangeHRMApplication_EmployeeListTest" name="Validating_EmployeeListTest" time="1.623"/>
  <testcase classname="com.OrangeHRMApplicationTestCases.OrangeHRMApplication_EmployeeListTest" name="Validating_EmployeeListDetails" time="5.417"/>
</testsuite> <!-- EmployeeListTest -->
