<?xml version="1.0" encoding="UTF-8"?>
<!-- Generated by org.testng.reporters.JUnitXMLReporter -->
<testsuite ignored="0" hostname="yash" failures="0" tests="4" name="LogInTest" time="47.665" errors="0" timestamp="2024-03-05T16:57:27 IST">
  <testcase classname="com.OrangeHRMApplicationTestCases.OrangeHRMApplication_LoginTest" name="ExcelTestData" time="0.526"/>
  <testcase classname="com.OrangeHRMApplicationTestCases.OrangeHRMApplication_LoginTest" name="Validating_LoginPageTitle" time="0.013"/>
  <testcase classname="com.OrangeHRMApplicationTestCases.OrangeHRMApplication_LoginTest" name="ValidatingLogo" time="0.083"/>
  <testcase classname="com.OrangeHRMApplicationTestCases.OrangeHRMApplication_LoginTest" name="Validating_LoginTest" time="43.181"/>
</testsuite> <!-- LogInTest -->
