<?xml version="1.0" encoding="UTF-8"?>
<!-- Generated by org.testng.reporters.JUnitXMLReporter -->
<testsuite ignored="0" hostname="yash" failures="0" tests="12" name="Default test" time="26.021" errors="0" timestamp="2024-03-05T13:03:29 IST">
  <testcase classname="com.OrangeHRMApplicationTestCases.OrangeHRMApplication_AddEmployeeTest" name="ExcelTestData" time="0.353"/>
  <testcase classname="com.OrangeHRMApplicationTestCases.OrangeHRMApplication_AddEmployeeTest" name="Validating_LoginPageTitle" time="0.016"/>
  <testcase classname="com.OrangeHRMApplicationTestCases.OrangeHRMApplication_AddEmployeeTest" name="ValidatingLogo" time="0.062"/>
  <testcase classname="com.OrangeHRMApplicationTestCases.OrangeHRMApplication_AddEmployeeTest" name="Validating_loginTest" time="0.896"/>
  <testcase classname="com.OrangeHRMApplicationTestCases.OrangeHRMApplication_AddEmployeeTest" name="Validating_PimTest" time="0.175"/>
  <testcase classname="com.OrangeHRMApplicationTestCases.OrangeHRMApplication_AddEmployeeTest" name="Validating_AddEmployeeTest" time="0.342"/>
  <testcase classname="com.OrangeHRMApplicationTestCases.OrangeHRMApplication_AddEmployeeTest" name="Validating_AddEmployeeText" time="0.042"/>
  <testcase classname="com.OrangeHRMApplicationTestCases.OrangeHRMApplication_AddEmployeeTest" name="Adding_AddEmployeeTestData" time="21.837"/>
  <testcase classname="com.OrangeHRMApplicationTestCases.OrangeHRMApplication_AddEmployeeTest" name="validatingHomePageAndLoginPage_Test" time="0.031"/>
  <testcase classname="com.OrangeHRMApplicationTestCases.OrangeHRMApplication_AddEmployeeTest" name="Validating_AddEmployeePage" time="0.098"/>
  <testcase classname="com.OrangeHRMApplicationTestCases.OrangeHRMApplication_AddEmployeeTest" name="Validating_logOutTest" time="0.498"/>
  <testcase classname="com.OrangeHRMApplicationTestCases.OrangeHRMApplication_AddEmployeeTest" name="validating_LoginPage" time="0.071"/>
</testsuite> <!-- Default test -->
