<?xml version="1.0" encoding="UTF-8"?>
<testng-results ignored="0" total="20" passed="20" failed="0" skipped="0">
  <reporter-output>
  </reporter-output>
  <suite started-at="2024-03-05T16:56:40 IST" name="OrangeHRMApplication" finished-at="2024-03-05T16:57:46 IST" duration-ms="66379">
    <groups>
    </groups>
    <test started-at="2024-03-05T16:56:40 IST" name="EmployeeListTest" finished-at="2024-03-05T16:56:53 IST" duration-ms="13276">
      <class name="com.OrangeHRMApplicationTestCases.OrangeHRMApplication_EmployeeListTest">
        <test-method is-config="true" signature="setUp()[pri:0, instance:com.OrangeHRMApplicationTestCases.OrangeHRMApplication_EmployeeListTest@1ed6388a]" started-at="2024-03-05T16:56:40 IST" name="setUp" finished-at="2024-03-05T16:56:43 IST" duration-ms="3026" status="PASS">
          <reporter-output>
          </reporter-output>
        </test-method> <!-- setUp -->
        <test-method signature="Validting_LoginTest()[pri:1, instance:com.OrangeHRMApplicationTestCases.OrangeHRMApplication_EmployeeListTest@1ed6388a]" started-at="2024-03-05T16:56:43 IST" name="Validting_LoginTest" description="OrangeHRM Application Login Page Login Funcationality" finished-at="2024-03-05T16:56:45 IST" duration-ms="2577" status="PASS">
          <reporter-output>
          </reporter-output>
        </test-method> <!-- Validting_LoginTest -->
        <test-method signature="Validating_PimTest()[pri:2, instance:com.OrangeHRMApplicationTestCases.OrangeHRMApplication_EmployeeListTest@1ed6388a]" started-at="2024-03-05T16:56:45 IST" name="Validating_PimTest" description="Identifying the OrangeHRM Application Home Page MouseHovering to PIM " finished-at="2024-03-05T16:56:45 IST" duration-ms="197" status="PASS">
          <reporter-output>
          </reporter-output>
        </test-method> <!-- Validating_PimTest -->
        <test-method signature="Validating_EmployeeListTest()[pri:3, instance:com.OrangeHRMApplicationTestCases.OrangeHRMApplication_EmployeeListTest@1ed6388a]" started-at="2024-03-05T16:56:45 IST" name="Validating_EmployeeListTest" description="Identifing the OrangeHRM Application Home Page Click on EmployeeList " finished-at="2024-03-05T16:56:47 IST" duration-ms="1623" status="PASS">
          <reporter-output>
          </reporter-output>
        </test-method> <!-- Validating_EmployeeListTest -->
        <test-method signature="Validating_EmployeeListDetails()[pri:4, instance:com.OrangeHRMApplicationTestCases.OrangeHRMApplication_EmployeeListTest@1ed6388a]" started-at="2024-03-05T16:56:47 IST" name="Validating_EmployeeListDetails" description="Identifying the Employee List Details" finished-at="2024-03-05T16:56:53 IST" duration-ms="5417" status="PASS">
          <reporter-output>
          </reporter-output>
        </test-method> <!-- Validating_EmployeeListDetails -->
        <test-method is-config="true" signature="tearDown()[pri:0, instance:com.OrangeHRMApplicationTestCases.OrangeHRMApplication_EmployeeListTest@1ed6388a]" started-at="2024-03-05T16:56:53 IST" name="tearDown" finished-at="2024-03-05T16:56:53 IST" duration-ms="360" status="PASS">
          <reporter-output>
          </reporter-output>
        </test-method> <!-- tearDown -->
      </class> <!-- com.OrangeHRMApplicationTestCases.OrangeHRMApplication_EmployeeListTest -->
    </test> <!-- EmployeeListTest -->
    <test started-at="2024-03-05T16:56:40 IST" name="LogInTest" finished-at="2024-03-05T16:57:27 IST" duration-ms="47665">
      <class name="com.OrangeHRMApplicationTestCases.OrangeHRMApplication_LoginTest">
        <test-method is-config="true" signature="setUp()[pri:0, instance:com.OrangeHRMApplicationTestCases.OrangeHRMApplication_LoginTest@74751b3]" started-at="2024-03-05T16:56:40 IST" name="setUp" finished-at="2024-03-05T16:56:43 IST" duration-ms="3475" status="PASS">
          <reporter-output>
          </reporter-output>
        </test-method> <!-- setUp -->
        <test-method signature="ExcelTestData()[pri:1, instance:com.OrangeHRMApplicationTestCases.OrangeHRMApplication_LoginTest@74751b3]" started-at="2024-03-05T16:56:43 IST" name="ExcelTestData" description="Adding Test Data into Excel" finished-at="2024-03-05T16:56:44 IST" duration-ms="526" status="PASS">
          <reporter-output>
          </reporter-output>
        </test-method> <!-- ExcelTestData -->
        <test-method signature="Validating_LoginPageTitle()[pri:2, instance:com.OrangeHRMApplicationTestCases.OrangeHRMApplication_LoginTest@74751b3]" started-at="2024-03-05T16:56:44 IST" name="Validating_LoginPageTitle" description="Writing Multiple Data in the Excel Sheet" finished-at="2024-03-05T16:56:44 IST" duration-ms="13" status="PASS">
          <reporter-output>
          </reporter-output>
        </test-method> <!-- Validating_LoginPageTitle -->
        <test-method signature="ValidatingLogo()[pri:3, instance:com.OrangeHRMApplicationTestCases.OrangeHRMApplication_LoginTest@74751b3]" started-at="2024-03-05T16:56:44 IST" name="ValidatingLogo" description="validating the LoginPage OrangeHRM LoGo" finished-at="2024-03-05T16:56:44 IST" duration-ms="83" status="PASS">
          <reporter-output>
          </reporter-output>
        </test-method> <!-- ValidatingLogo -->
        <test-method signature="Validating_LoginTest()[pri:4, instance:com.OrangeHRMApplicationTestCases.OrangeHRMApplication_LoginTest@74751b3]" started-at="2024-03-05T16:56:44 IST" name="Validating_LoginTest" description="OrangeHRM Application Login Functionality with Multiple Data" finished-at="2024-03-05T16:57:27 IST" duration-ms="43181" status="PASS">
          <reporter-output>
          </reporter-output>
        </test-method> <!-- Validating_LoginTest -->
        <test-method is-config="true" signature="tearDown()[pri:0, instance:com.OrangeHRMApplicationTestCases.OrangeHRMApplication_LoginTest@74751b3]" started-at="2024-03-05T16:57:27 IST" name="tearDown" finished-at="2024-03-05T16:57:27 IST" duration-ms="355" status="PASS">
          <reporter-output>
          </reporter-output>
        </test-method> <!-- tearDown -->
      </class> <!-- com.OrangeHRMApplicationTestCases.OrangeHRMApplication_LoginTest -->
    </test> <!-- LogInTest -->
    <test started-at="2024-03-05T16:56:40 IST" name="AddEmployeeTest" finished-at="2024-03-05T16:57:46 IST" duration-ms="66379">
      <class name="com.OrangeHRMApplicationTestCases.OrangeHRMApplication_AddEmployeeTest">
        <test-method is-config="true" signature="setUp()[pri:0, instance:com.OrangeHRMApplicationTestCases.OrangeHRMApplication_AddEmployeeTest@783a467b]" started-at="2024-03-05T16:56:40 IST" name="setUp" finished-at="2024-03-05T16:56:43 IST" duration-ms="3241" status="PASS">
          <reporter-output>
          </reporter-output>
        </test-method> <!-- setUp -->
        <test-method signature="ExcelTestData()[pri:1, instance:com.OrangeHRMApplicationTestCases.OrangeHRMApplication_AddEmployeeTest@783a467b]" started-at="2024-03-05T16:56:43 IST" name="ExcelTestData" description="Adding Test Data into Excel Sheet" finished-at="2024-03-05T16:56:44 IST" duration-ms="761" status="PASS">
          <reporter-output>
          </reporter-output>
        </test-method> <!-- ExcelTestData -->
        <test-method signature="Validating_LoginPageTitle()[pri:2, instance:com.OrangeHRMApplicationTestCases.OrangeHRMApplication_AddEmployeeTest@783a467b]" started-at="2024-03-05T16:56:44 IST" name="Validating_LoginPageTitle" description="Validating OrangeHRM Application LogIn Page Title" finished-at="2024-03-05T16:56:44 IST" duration-ms="42" status="PASS">
          <reporter-output>
          </reporter-output>
        </test-method> <!-- Validating_LoginPageTitle -->
        <test-method signature="ValidatingLogo()[pri:3, instance:com.OrangeHRMApplicationTestCases.OrangeHRMApplication_AddEmployeeTest@783a467b]" started-at="2024-03-05T16:56:44 IST" name="ValidatingLogo" description="validating the OrangeHRM Aplication Login Page LoGo" finished-at="2024-03-05T16:56:44 IST" duration-ms="68" status="PASS">
          <reporter-output>
          </reporter-output>
        </test-method> <!-- ValidatingLogo -->
        <test-method signature="Validating_loginTest()[pri:4, instance:com.OrangeHRMApplicationTestCases.OrangeHRMApplication_AddEmployeeTest@783a467b]" started-at="2024-03-05T16:56:44 IST" name="Validating_loginTest" description="Validating OrangeHRM Application LogIn Functionality Test " finished-at="2024-03-05T16:56:46 IST" duration-ms="2681" status="PASS">
          <reporter-output>
          </reporter-output>
        </test-method> <!-- Validating_loginTest -->
        <test-method signature="Validating_PimTest()[pri:5, instance:com.OrangeHRMApplicationTestCases.OrangeHRMApplication_AddEmployeeTest@783a467b]" started-at="2024-03-05T16:56:46 IST" name="Validating_PimTest" description="Identifying the Home Page PiM" finished-at="2024-03-05T16:56:47 IST" duration-ms="330" status="PASS">
          <reporter-output>
          </reporter-output>
        </test-method> <!-- Validating_PimTest -->
        <test-method signature="Validating_AddEmployeeTest()[pri:6, instance:com.OrangeHRMApplicationTestCases.OrangeHRMApplication_AddEmployeeTest@783a467b]" started-at="2024-03-05T16:56:47 IST" name="Validating_AddEmployeeTest" description="Identifying the Home Page PIM Add Employee" finished-at="2024-03-05T16:56:48 IST" duration-ms="1012" status="PASS">
          <reporter-output>
          </reporter-output>
        </test-method> <!-- Validating_AddEmployeeTest -->
        <test-method signature="Validating_AddEmployeeText()[pri:7, instance:com.OrangeHRMApplicationTestCases.OrangeHRMApplication_AddEmployeeTest@783a467b]" started-at="2024-03-05T16:56:48 IST" name="Validating_AddEmployeeText" description="Validating OrangeHRM Application Home Page pim Add Employee Text" finished-at="2024-03-05T16:56:48 IST" duration-ms="100" status="PASS">
          <reporter-output>
          </reporter-output>
        </test-method> <!-- Validating_AddEmployeeText -->
        <test-method signature="Adding_AddEmployeeTestData()[pri:8, instance:com.OrangeHRMApplicationTestCases.OrangeHRMApplication_AddEmployeeTest@783a467b]" started-at="2024-03-05T16:56:48 IST" name="Adding_AddEmployeeTestData" description="Filling Excel Sheet with Actual Add Employee Page Details" finished-at="2024-03-05T16:57:44 IST" duration-ms="55801" status="PASS">
          <reporter-output>
          </reporter-output>
        </test-method> <!-- Adding_AddEmployeeTestData -->
        <test-method signature="validatingHomePageAndLoginPage_Test()[pri:9, instance:com.OrangeHRMApplicationTestCases.OrangeHRMApplication_AddEmployeeTest@783a467b]" started-at="2024-03-05T16:57:44 IST" name="validatingHomePageAndLoginPage_Test" description="Validating the HomePage Text and LoginPage Text" finished-at="2024-03-05T16:57:44 IST" duration-ms="87" status="PASS">
          <reporter-output>
          </reporter-output>
        </test-method> <!-- validatingHomePageAndLoginPage_Test -->
        <test-method signature="Validating_AddEmployeePage()[pri:10, instance:com.OrangeHRMApplicationTestCases.OrangeHRMApplication_AddEmployeeTest@783a467b]" started-at="2024-03-05T16:57:44 IST" name="Validating_AddEmployeePage" description="Filling Excel Sheet With Add Employee Page Results" finished-at="2024-03-05T16:57:44 IST" duration-ms="374" status="PASS">
          <reporter-output>
          </reporter-output>
        </test-method> <!-- Validating_AddEmployeePage -->
        <test-method signature="Validating_logOutTest()[pri:11, instance:com.OrangeHRMApplicationTestCases.OrangeHRMApplication_AddEmployeeTest@783a467b]" started-at="2024-03-05T16:57:44 IST" name="Validating_logOutTest" description="OrangeHRM Application Home Page Logout Functionality" finished-at="2024-03-05T16:57:45 IST" duration-ms="1332" status="PASS">
          <reporter-output>
          </reporter-output>
        </test-method> <!-- Validating_logOutTest -->
        <test-method signature="validating_LoginPage()[pri:12, instance:com.OrangeHRMApplicationTestCases.OrangeHRMApplication_AddEmployeeTest@783a467b]" started-at="2024-03-05T16:57:45 IST" name="validating_LoginPage" description="Validating OrangeHRM Application LogOut Functionality Test" finished-at="2024-03-05T16:57:46 IST" duration-ms="121" status="PASS">
          <reporter-output>
          </reporter-output>
        </test-method> <!-- validating_LoginPage -->
        <test-method is-config="true" signature="tearDown()[pri:0, instance:com.OrangeHRMApplicationTestCases.OrangeHRMApplication_AddEmployeeTest@783a467b]" started-at="2024-03-05T16:57:46 IST" name="tearDown" finished-at="2024-03-05T16:57:46 IST" duration-ms="400" status="PASS">
          <reporter-output>
          </reporter-output>
        </test-method> <!-- tearDown -->
      </class> <!-- com.OrangeHRMApplicationTestCases.OrangeHRMApplication_AddEmployeeTest -->
    </test> <!-- AddEmployeeTest -->
  </suite> <!-- OrangeHRMApplication -->
</testng-results>
